-Xajruntimetarget:1.5
-11
-encoding
UTF-8
-source
11
-target
11
-classpath
/Users/ihababadi/.m2/repository/org/aspectj/aspectjrt/1.9.19/aspectjrt-1.9.19.jar:/Users/ihababadi/.m2/repository/org/aspectj/aspectjweaver/1.9.19/aspectjweaver-1.9.19.jar:/Users/ihababadi/.m2/repository/org/aspectj/aspectjtools/1.9.19/aspectjtools-1.9.19.jar:/Users/ihababadi/Desktop/java_clean_code/demoaop/target/classes
-d
/Users/ihababadi/Desktop/java_clean_code/demoaop/target/classes
-s
/Users/ihababadi/Desktop/java_clean_code/demoaop/target/generated-sources/aspectj-maven-plugin
/Users/ihababadi/Desktop/java_clean_code/demoaop/src/main/java/org/example/Main.java
/Users/ihababadi/Desktop/java_clean_code/demoaop/src/main/java/org/example/aspect/TransationAspect.java
/Users/ihababadi/Desktop/java_clean_code/demoaop/src/main/java/org/example/aspect/Performance.java
/Users/ihababadi/Desktop/java_clean_code/demoaop/src/main/java/org/example/aspect/Loggable.java
/Users/ihababadi/Desktop/java_clean_code/demoaop/src/main/java/org/example/aspect/PerformanceAspect.java
/Users/ihababadi/Desktop/java_clean_code/demoaop/src/main/java/org/example/aspect/LoggingAspect.java
/Users/ihababadi/Desktop/java_clean_code/demoaop/src/main/java/org/example/aspect/Transaction.java
/Users/ihababadi/Desktop/java_clean_code/demoaop/src/main/java/org/example/service/CustomService.java
/Users/ihababadi/Desktop/java_clean_code/demoaop/src/main/java/org/example/service/TransactionService.java
