-Xajruntimetarget:1.5
-11
-encoding
UTF-8
-source
11
-target
11
-classpath
/Users/ihababadi/.m2/repository/org/projectlombok/lombok/1.18.24/lombok-1.18.24.jar:/Users/ihababadi/.m2/repository/org/aspectj/aspectjrt/1.9.19/aspectjrt-1.9.19.jar:/Users/ihababadi/.m2/repository/org/aspectj/aspectjweaver/1.9.19/aspectjweaver-1.9.19.jar:/Users/ihababadi/.m2/repository/org/aspectj/aspectjtools/1.9.19/aspectjtools-1.9.19.jar:/Users/ihababadi/.m2/repository/org/junit/jupiter/junit-jupiter-api/5.8.2/junit-jupiter-api-5.8.2.jar:/Users/ihababadi/.m2/repository/org/junit/jupiter/junit-jupiter-engine/5.8.2/junit-jupiter-engine-5.8.2.jar:/Users/ihababadi/.m2/repository/org/mockito/mockito-core/4.1.0/mockito-core-4.1.0.jar:/Users/ihababadi/.m2/repository/io/cucumber/cucumber-java/7.1.0/cucumber-java-7.1.0.jar:/Users/ihababadi/.m2/repository/io/cucumber/cucumber-junit/7.1.0/cucumber-junit-7.1.0.jar:/Users/ihababadi/Desktop/java_clean_code/correctiontpglobal1/target/classes
-d
/Users/ihababadi/Desktop/java_clean_code/correctiontpglobal1/target/classes
-s
/Users/ihababadi/Desktop/java_clean_code/correctiontpglobal1/target/generated-sources/aspectj-maven-plugin
/Users/ihababadi/Desktop/java_clean_code/correctiontpglobal1/src/main/java/org/example/repository/impl/InMemoryReservationRepositoryImpl.java
/Users/ihababadi/Desktop/java_clean_code/correctiontpglobal1/src/main/java/org/example/repository/ReservationRepository.java
/Users/ihababadi/Desktop/java_clean_code/correctiontpglobal1/src/main/java/org/example/util/CliInterface.java
/Users/ihababadi/Desktop/java_clean_code/correctiontpglobal1/src/main/java/org/example/util/ReservationBuilder.java
/Users/ihababadi/Desktop/java_clean_code/correctiontpglobal1/src/main/java/org/example/entity/Reservation.java
/Users/ihababadi/Desktop/java_clean_code/correctiontpglobal1/src/main/java/org/example/annotation/HandleException.java
/Users/ihababadi/Desktop/java_clean_code/correctiontpglobal1/src/main/java/org/example/Main.java
/Users/ihababadi/Desktop/java_clean_code/correctiontpglobal1/src/main/java/org/example/aspect/HandleExceptionAspect.java
/Users/ihababadi/Desktop/java_clean_code/correctiontpglobal1/src/main/java/org/example/service/impl/ReservationServiceImpl.java
/Users/ihababadi/Desktop/java_clean_code/correctiontpglobal1/src/main/java/org/example/service/ReservationService.java
/Users/ihababadi/Desktop/java_clean_code/correctiontpglobal1/src/main/java/org/example/exception/ReservationNotFoundException.java
/Users/ihababadi/Desktop/java_clean_code/correctiontpglobal1/src/main/java/org/example/exception/InvalidReservationException.java
